\BOOKMARK [0][-]{chapter*.2}{Welcome}{}% 1
\BOOKMARK [0][-]{chapter*.3}{Authors}{}% 2
\BOOKMARK [0][-]{chapter.1}{The\040Big\040Promise\040of\040Big\040Data}{}% 3
\BOOKMARK [1][-]{section.1.1}{Topic\040Overview}{chapter.1}% 4
\BOOKMARK [1][-]{section.1.2}{Chapter\040Summaries}{chapter.1}% 5
\BOOKMARK [1][-]{section.1.3}{Key\040Take-Aways\040\(for\040Yellowdig\)}{chapter.1}% 6
\BOOKMARK [1][-]{section.1.4}{References}{chapter.1}% 7
\BOOKMARK [0][-]{chapter.2}{Information\040Blindness}{}% 8
\BOOKMARK [1][-]{section.2.1}{The\040Challenge\040of\040Big\040Data:\040Information\040Blindness}{chapter.2}% 9
\BOOKMARK [1][-]{section.2.2}{Topic\040Overview}{chapter.2}% 10
\BOOKMARK [1][-]{section.2.3}{Chapter\040Summaries}{chapter.2}% 11
\BOOKMARK [1][-]{section.2.4}{Key\040Take-Aways\040\(for\040Yellowdig\)}{chapter.2}% 12
\BOOKMARK [1][-]{section.2.5}{References}{chapter.2}% 13
\BOOKMARK [0][-]{chapter.3}{Challenges\040of\040Organizational\040Change}{}% 14
\BOOKMARK [1][-]{section.3.1}{The\040Challenges\040of\040Big\040Data:\040Organizational\040Change}{chapter.3}% 15
\BOOKMARK [1][-]{section.3.2}{Topic\040Overview}{chapter.3}% 16
\BOOKMARK [1][-]{section.3.3}{Chapter\040Summaries}{chapter.3}% 17
\BOOKMARK [1][-]{section.3.4}{Key\040Take-Aways\040\(for\040Yellowdig\)}{chapter.3}% 18
\BOOKMARK [1][-]{section.3.5}{References}{chapter.3}% 19
\BOOKMARK [0][-]{chapter.4}{Challenges\040of\040Big\040Data}{}% 20
\BOOKMARK [1][-]{section.4.1}{Challenges\040of\040Big\040Data:\040Ethics\040and\040Privacy}{chapter.4}% 21
\BOOKMARK [1][-]{section.4.2}{Topic\040Overview}{chapter.4}% 22
\BOOKMARK [1][-]{section.4.3}{Chapter\040Summaries}{chapter.4}% 23
\BOOKMARK [1][-]{section.4.4}{Key\040Take-Aways\040\(for\040Yellowdig\)}{chapter.4}% 24
\BOOKMARK [1][-]{section.4.5}{References}{chapter.4}% 25
\BOOKMARK [0][-]{chapter.5}{Collecting\040Group\040Data}{}% 26
\BOOKMARK [1][-]{section.5.1}{Topic\040Overview}{chapter.5}% 27
\BOOKMARK [1][-]{section.5.2}{Chapter\040Summaries}{chapter.5}% 28
\BOOKMARK [1][-]{section.5.3}{Key\040Take-Aways\040\(for\040Yellowdig\)}{chapter.5}% 29
\BOOKMARK [1][-]{section.5.4}{References}{chapter.5}% 30
\BOOKMARK [0][-]{chapter.6}{Processing\040Satellite\040Data}{}% 31
\BOOKMARK [1][-]{section.6.1}{Topic\040Overview}{chapter.6}% 32
\BOOKMARK [1][-]{section.6.2}{Chapter\040Summaries}{chapter.6}% 33
\BOOKMARK [1][-]{section.6.3}{Key\040Take-Aways\040\(for\040Yellowdig\)}{chapter.6}% 34
\BOOKMARK [1][-]{section.6.4}{References}{chapter.6}% 35
\BOOKMARK [0][-]{chapter.7}{Using\040Administrative\040Data}{}% 36
\BOOKMARK [1][-]{section.7.1}{Overview}{chapter.7}% 37
\BOOKMARK [1][-]{section.7.2}{Reality\040Mining:\040Using\040big\040data\040to\040engineer\040a\040better\040world.\040Chapter\0407\040-\040Taking\040the\040Pulse\040of\040a\040Nation:\040Census,\040Mobile\040Phones,\040and\040Internet\040Giants}{chapter.7}% 38
\BOOKMARK [1][-]{section.7.3}{The\040NYPD\040Was\040Systematically\040Ticketing\040Legally\040Parked\040Cars\040for\040Millions\040of\040Dollars\040a\040Year-\040Open\040Data\040Just\040Put\040an\040End\040to\040It,}{chapter.7}% 39
\BOOKMARK [1][-]{section.7.4}{Open\040Data\040Reveals\040$791\040Million\040Error\040in\040Newly\040Adopted\040NYC\040Budget}{chapter.7}% 40
\BOOKMARK [1][-]{section.7.5}{Payer\040or\040Prayer-\040A\040Look\040at\040NYC's\040$650\040Million\040Property\040Tax\040Breaks\040Related\040to\040Religion}{chapter.7}% 41
\BOOKMARK [1][-]{section.7.6}{8\040principles\040of\040open\040data}{chapter.7}% 42
\BOOKMARK [1][-]{section.7.7}{Key\040Take-aways:}{chapter.7}% 43
\BOOKMARK [1][-]{section.7.8}{Discussion\040Questions:}{chapter.7}% 44
\BOOKMARK [1][-]{section.7.9}{Video:}{chapter.7}% 45
\BOOKMARK [1][-]{section.7.10}{References:}{chapter.7}% 46
\BOOKMARK [0][-]{chapter.8}{Harnessing\040Social\040Media\040Data}{}% 47
\BOOKMARK [1][-]{section.8.1}{Topic\040Overview}{chapter.8}% 48
\BOOKMARK [1][-]{section.8.2}{Chapter\040Summaries}{chapter.8}% 49
\BOOKMARK [1][-]{section.8.3}{Key\040Take-Aways\040\(for\040Yellowdig\)}{chapter.8}% 50
\BOOKMARK [1][-]{section.8.4}{References}{chapter.8}% 51
\BOOKMARK [0][-]{chapter.9}{Remote\040Sensors}{}% 52
\BOOKMARK [1][-]{section.9.1}{Topic\040Overview}{chapter.9}% 53
\BOOKMARK [1][-]{section.9.2}{Chapter\040Summaries}{chapter.9}% 54
\BOOKMARK [1][-]{section.9.3}{Key\040Take-Aways\040\(for\040Yellowdig\)}{chapter.9}% 55
\BOOKMARK [1][-]{section.9.4}{References}{chapter.9}% 56
\BOOKMARK [0][-]{chapter.10}{Challenges\040of\040Data\040Quality}{}% 57
\BOOKMARK [1][-]{section.10.1}{Topic\040Overview}{chapter.10}% 58
\BOOKMARK [1][-]{section.10.2}{Chapter\040Summaries}{chapter.10}% 59
\BOOKMARK [1][-]{section.10.3}{Key\040Take-Aways\040\(for\040Yellowdig\)}{chapter.10}% 60
\BOOKMARK [1][-]{section.10.4}{Synopsis}{chapter.10}% 61
\BOOKMARK [1][-]{section.10.5}{Discussion\040Questions}{chapter.10}% 62
\BOOKMARK [1][-]{section.10.6}{References}{chapter.10}% 63
\BOOKMARK [0][-]{chapter.11}{Relationship\040Discovery}{}% 64
\BOOKMARK [1][-]{section.11.1}{Topic\040Overview}{chapter.11}% 65
\BOOKMARK [1][-]{section.11.2}{Chapter\040Summaries}{chapter.11}% 66
\BOOKMARK [1][-]{section.11.3}{Key\040Take-Aways\040\(for\040Yellowdig\)}{chapter.11}% 67
\BOOKMARK [1][-]{section.11.4}{References}{chapter.11}% 68
\BOOKMARK [0][-]{chapter.12}{Playing\040Moneyball\040with\040Prediction}{}% 69
\BOOKMARK [1][-]{section.12.1}{Topic\040Overview}{chapter.12}% 70
\BOOKMARK [1][-]{section.12.2}{Chapter\040Summaries}{chapter.12}% 71
\BOOKMARK [1][-]{section.12.3}{Key\040Take-Aways\040\(for\040Yellowdig\)}{chapter.12}% 72
\BOOKMARK [1][-]{section.12.4}{References}{chapter.12}% 73
\BOOKMARK [0][-]{chapter.13}{Using\040Big\040Data\040for\040Evaluation}{}% 74
\BOOKMARK [1][-]{section.13.1}{Topic\040Overview}{chapter.13}% 75
\BOOKMARK [1][-]{section.13.2}{Chapter\040Summaries}{chapter.13}% 76
\BOOKMARK [1][-]{section.13.3}{References}{chapter.13}% 77
\BOOKMARK [0][-]{chapter.14}{Motivating\040People}{}% 78
\BOOKMARK [1][-]{section.14.1}{Topic\040Overview}{chapter.14}% 79
\BOOKMARK [1][-]{section.14.2}{Chapter\040Summaries}{chapter.14}% 80
\BOOKMARK [1][-]{section.14.3}{Key\040Take-Aways\040\(for\040Yellowdig\)}{chapter.14}% 81
\BOOKMARK [1][-]{section.14.4}{References}{chapter.14}% 82
\BOOKMARK [0][-]{chapter.15}{Building\040Effective\040Teams}{}% 83
\BOOKMARK [1][-]{section.15.1}{Topic\040Overview}{chapter.15}% 84
\BOOKMARK [1][-]{section.15.2}{Chapter\040Summaries}{chapter.15}% 85
\BOOKMARK [1][-]{section.15.3}{Key\040Take-Aways}{chapter.15}% 86
\BOOKMARK [1][-]{section.15.4}{References}{chapter.15}% 87
\BOOKMARK [0][-]{chapter.16}{Managerial\040Experiments}{}% 88
\BOOKMARK [1][-]{section.16.1}{Topic\040Overview}{chapter.16}% 89
\BOOKMARK [1][-]{section.16.2}{Chapter\040Summaries}{chapter.16}% 90
\BOOKMARK [1][-]{section.16.3}{Key\040Take-Aways\040\(for\040Yellowdig\)}{chapter.16}% 91
\BOOKMARK [1][-]{section.16.4}{References}{chapter.16}% 92
\BOOKMARK [0][-]{chapter.17}{Amazon\040vs\040Zappos}{}% 93
\BOOKMARK [1][-]{section.17.1}{Topic\040Overview}{chapter.17}% 94
\BOOKMARK [1][-]{section.17.2}{Chapter\040Summaries}{chapter.17}% 95
\BOOKMARK [1][-]{section.17.3}{Key\040Take-Aways\040\(for\040Yellowdig\)}{chapter.17}% 96
\BOOKMARK [1][-]{section.17.4}{References}{chapter.17}% 97
\BOOKMARK [0][-]{chapter.18}{Manipulating\040Crowds}{}% 98
\BOOKMARK [1][-]{section.18.1}{Topic\040Overview}{chapter.18}% 99
\BOOKMARK [1][-]{section.18.2}{Chapter\040Summaries}{chapter.18}% 100
\BOOKMARK [1][-]{section.18.3}{Key\040Take-Aways\040\(for\040Yellowdig\)}{chapter.18}% 101
\BOOKMARK [1][-]{section.18.4}{References}{chapter.18}% 102
\BOOKMARK [0][-]{chapter.19}{Best\040Practices\040for\040Privacy}{}% 103
\BOOKMARK [1][-]{section.19.1}{Topic\040Overview}{chapter.19}% 104
\BOOKMARK [1][-]{section.19.2}{Chapter\040Summaries}{chapter.19}% 105
\BOOKMARK [1][-]{section.19.3}{Key\040Take-Aways\040\(for\040Yellowdig\)}{chapter.19}% 106
\BOOKMARK [1][-]{section.19.4}{References}{chapter.19}% 107
